<?xml version="1.0" encoding="UTF-8"?>
<TestRun id="d3498597-dd37-4d1c-8212-a7dfb43bb52e" name="Henrique@NOTE-HENRIQUE 2012-05-18 10:10:15" runUser="note-henrique\Henrique" xmlns="http://microsoft.com/schemas/VisualStudio/TeamTest/2010">
  <TestSettings name="Local" id="5b33bf4a-d810-451a-b84f-6bf2c79801f1">
    <Description>These are default test settings for a local test run.</Description>
    <Deployment enabled="false" runDeploymentRoot="Henrique_NOTE-HENRIQUE 2012-05-18 10_10_15">
      <DeploymentItem filename="c:\users\henrique\documents\visual studio 2010\Projects\DojoTJ-Episodio1\DojoTJ-Episodio1\bin\Debug\DojoTJ-Episodio1.dll" />
    </Deployment>
    <Execution>
      <TestTypeSpecific />
      <AgentRule name="Execution Agents">
      </AgentRule>
    </Execution>
  </TestSettings>
  <Times creation="2012-05-18T10:10:15.3310546-04:00" queuing="2012-05-18T10:10:17.0683593-04:00" start="2012-05-18T10:10:17.1455078-04:00" finish="2012-05-18T10:10:17.8466796-04:00" />
  <ResultSummary outcome="Inconclusive">
    <Counters total="1" executed="1" error="0" failed="0" timeout="0" aborted="0" inconclusive="1" passedButRunAborted="0" notRunnable="0" notExecuted="0" disconnected="0" warning="0" passed="0" completed="0" inProgress="0" pending="0" />
  </ResultSummary>
  <TestDefinitions>
    <UnitTest name="SaqueTest" storage="c:\users\henrique\documents\visual studio 2010\projects\dojotj-episodio1\dojotj-episodio1tests\bin\debug\dojotj-episodio1tests.dll" id="75f8abb5-7547-8dad-ed72-fbbe0b302401">
      <Execution id="f04440fd-6b57-47f3-bad8-d440dcfd44d0" />
      <TestMethod codeBase="c:/users/henrique/documents/visual studio 2010/Projects/DojoTJ-Episodio1/DojoTJ-Episodio1Tests/bin/Debug/DojoTJ-Episodio1Tests.DLL" adapterTypeName="Microsoft.VisualStudio.TestTools.TestTypes.Unit.UnitTestAdapter, Microsoft.VisualStudio.QualityTools.Tips.UnitTest.Adapter, Version=10.0.0.0, Culture=neutral, PublicKeyToken=b03f5f7f11d50a3a" className="DojoTJ_Episodio1Tests.CaixaTest, DojoTJ-Episodio1Tests, Version=1.0.0.0, Culture=neutral, PublicKeyToken=null" name="SaqueTest" />
    </UnitTest>
  </TestDefinitions>
  <TestLists>
    <TestList name="Results Not in a List" id="8c84fa94-04c1-424b-9868-57a2d4851a1d" />
    <TestList name="All Loaded Results" id="19431567-8539-422a-85d7-44ee4e166bda" />
  </TestLists>
  <TestEntries>
    <TestEntry testId="75f8abb5-7547-8dad-ed72-fbbe0b302401" executionId="f04440fd-6b57-47f3-bad8-d440dcfd44d0" testListId="8c84fa94-04c1-424b-9868-57a2d4851a1d" />
  </TestEntries>
  <Results>
    <UnitTestResult executionId="f04440fd-6b57-47f3-bad8-d440dcfd44d0" testId="75f8abb5-7547-8dad-ed72-fbbe0b302401" testName="SaqueTest" computerName="NOTE-HENRIQUE" duration="00:00:00.0896722" startTime="2012-05-18T10:10:17.1787109-04:00" endTime="2012-05-18T10:10:17.7685546-04:00" testType="13cdc9d9-ddb5-4fa4-a97d-d965ccfc6d4b" outcome="Inconclusive" testListId="8c84fa94-04c1-424b-9868-57a2d4851a1d" relativeResultsDirectory="f04440fd-6b57-47f3-bad8-d440dcfd44d0">
      <Output>
        <ErrorInfo>
          <Message>Assert.Inconclusive failed. Verify the correctness of this test method.</Message>
          <StackTrace>   at DojoTJ_Episodio1Tests.CaixaTest.SaqueTest() in c:\users\henrique\documents\visual studio 2010\Projects\DojoTJ-Episodio1\DojoTJ-Episodio1Tests\CaixaTest.cs:line 79
</StackTrace>
        </ErrorInfo>
      </Output>
    </UnitTestResult>
  </Results>
</TestRun>